<?xml version="1.0" encoding="UTF-8"?>
<!-- Generated by org.testng.reporters.JUnitXMLReporter -->
<testsuite ignored="0" hostname="Graces-MBP.hsd1.pa.comcast.net" failures="1" tests="1" name="AppTest" time="0.041" errors="0" timestamp="2020-10-27T12:08:00 EDT">
  <testcase classname="Academy.E2Eframeworkproject.AppTest" name="testApp" time="0.007">
    <failure type="java.lang.AssertionError">
      <![CDATA[java.lang.AssertionError: 
at Academy.E2Eframeworkproject.AppTest.testApp(AppTest.java:26)
at java.base/java.util.ArrayList.forEach(ArrayList.java:1541)
at java.base/java.util.concurrent.FutureTask.run(FutureTask.java:264)
at java.base/java.util.concurrent.ThreadPoolExecutor.runWorker(ThreadPoolExecutor.java:1128)
at java.base/java.util.concurrent.ThreadPoolExecutor$Worker.run(ThreadPoolExecutor.java:628)
at java.base/java.lang.Thread.run(Thread.java:834)
... Removed 21 stack frames]]>
    </failure>
  </testcase> <!-- testApp -->
</testsuite> <!-- AppTest -->
