<?xml version="1.0" encoding="UTF-8"?>
<testng-results ignored="0" total="4" passed="3" failed="1" skipped="0">
  <reporter-output>
  </reporter-output>
  <suite started-at="2020-10-27T12:08:00 EDT" name="Suite" finished-at="2020-10-27T12:08:15 EDT" duration-ms="15243">
    <groups>
    </groups>
    <test started-at="2020-10-27T12:08:00 EDT" name="AppTest" finished-at="2020-10-27T12:08:00 EDT" duration-ms="41">
      <class name="Academy.E2Eframeworkproject.AppTest">
        <test-method signature="testApp()[pri:0, instance:Academy.E2Eframeworkproject.AppTest@7b139eab]" started-at="2020-10-27T12:08:00 EDT" name="testApp" finished-at="2020-10-27T12:08:00 EDT" duration-ms="7" status="FAIL">
          <exception class="java.lang.AssertionError">
            <full-stacktrace>
              <![CDATA[java.lang.AssertionError: 
at org.testng.AssertJUnit.fail(AssertJUnit.java:65)
at org.testng.AssertJUnit.assertTrue(AssertJUnit.java:23)
at org.testng.AssertJUnit.assertTrue(AssertJUnit.java:33)
at Academy.E2Eframeworkproject.AppTest.testApp(AppTest.java:26)
at java.base/jdk.internal.reflect.NativeMethodAccessorImpl.invoke0(Native Method)
at java.base/jdk.internal.reflect.NativeMethodAccessorImpl.invoke(NativeMethodAccessorImpl.java:62)
at java.base/jdk.internal.reflect.DelegatingMethodAccessorImpl.invoke(DelegatingMethodAccessorImpl.java:43)
at java.base/java.lang.reflect.Method.invoke(Method.java:566)
at org.testng.internal.MethodInvocationHelper.invokeMethod(MethodInvocationHelper.java:132)
at org.testng.internal.TestInvoker.invokeMethod(TestInvoker.java:599)
at org.testng.internal.TestInvoker.invokeTestMethod(TestInvoker.java:174)
at org.testng.internal.MethodRunner.runInSequence(MethodRunner.java:46)
at org.testng.internal.TestInvoker$MethodInvocationAgent.invoke(TestInvoker.java:822)
at org.testng.internal.TestInvoker.invokeTestMethods(TestInvoker.java:147)
at org.testng.internal.TestMethodWorker.invokeTestMethods(TestMethodWorker.java:146)
at org.testng.internal.TestMethodWorker.run(TestMethodWorker.java:128)
at java.base/java.util.ArrayList.forEach(ArrayList.java:1541)
at org.testng.TestRunner.privateRun(TestRunner.java:764)
at org.testng.TestRunner.run(TestRunner.java:585)
at org.testng.SuiteRunner.runTest(SuiteRunner.java:384)
at org.testng.SuiteRunner.access$000(SuiteRunner.java:28)
at org.testng.SuiteRunner$SuiteWorker.run(SuiteRunner.java:425)
at org.testng.internal.thread.ThreadUtil.lambda$execute$0(ThreadUtil.java:66)
at java.base/java.util.concurrent.FutureTask.run(FutureTask.java:264)
at java.base/java.util.concurrent.ThreadPoolExecutor.runWorker(ThreadPoolExecutor.java:1128)
at java.base/java.util.concurrent.ThreadPoolExecutor$Worker.run(ThreadPoolExecutor.java:628)
at java.base/java.lang.Thread.run(Thread.java:834)
]]>
            </full-stacktrace>
          </exception> <!-- java.lang.AssertionError -->
          <reporter-output>
          </reporter-output>
        </test-method> <!-- testApp -->
      </class> <!-- Academy.E2Eframeworkproject.AppTest -->
    </test> <!-- AppTest -->
    <test started-at="2020-10-27T12:08:00 EDT" name="validateNavigationBar" finished-at="2020-10-27T12:08:07 EDT" duration-ms="7844">
      <class name="Academy.E2Eframeworkproject.validateNavigationBar">
        <test-method is-config="true" signature="initialize()[pri:0, instance:Academy.E2Eframeworkproject.validateNavigationBar@41a90fa8]" started-at="2020-10-27T12:08:00 EDT" name="initialize" finished-at="2020-10-27T12:08:02 EDT" duration-ms="1969" status="PASS">
          <reporter-output>
          </reporter-output>
        </test-method> <!-- initialize -->
        <test-method signature="basePageNavigation()[pri:0, instance:Academy.E2Eframeworkproject.validateNavigationBar@41a90fa8]" started-at="2020-10-27T12:08:02 EDT" name="basePageNavigation" finished-at="2020-10-27T12:08:06 EDT" duration-ms="4793" status="PASS">
          <reporter-output>
          </reporter-output>
        </test-method> <!-- basePageNavigation -->
        <test-method is-config="true" signature="teardown()[pri:0, instance:Academy.E2Eframeworkproject.validateNavigationBar@41a90fa8]" started-at="2020-10-27T12:08:07 EDT" name="teardown" finished-at="2020-10-27T12:08:07 EDT" duration-ms="60" status="PASS">
          <reporter-output>
          </reporter-output>
        </test-method> <!-- teardown -->
      </class> <!-- Academy.E2Eframeworkproject.validateNavigationBar -->
    </test> <!-- validateNavigationBar -->
    <test started-at="2020-10-27T12:08:00 EDT" name="validating titile in the page" finished-at="2020-10-27T12:08:13 EDT" duration-ms="13465">
      <class name="Academy.E2Eframeworkproject.validateTitle">
        <test-method is-config="true" signature="initialize()[pri:0, instance:Academy.E2Eframeworkproject.validateTitle@2f058b8a]" started-at="2020-10-27T12:08:00 EDT" name="initialize" finished-at="2020-10-27T12:08:08 EDT" duration-ms="8413" status="PASS">
          <reporter-output>
          </reporter-output>
        </test-method> <!-- initialize -->
        <test-method signature="basePageNavigation()[pri:0, instance:Academy.E2Eframeworkproject.validateTitle@2f058b8a]" started-at="2020-10-27T12:08:08 EDT" name="basePageNavigation" finished-at="2020-10-27T12:08:12 EDT" duration-ms="4352" status="PASS">
          <reporter-output>
          </reporter-output>
        </test-method> <!-- basePageNavigation -->
      </class> <!-- Academy.E2Eframeworkproject.validateTitle -->
    </test> <!-- validating titile in the page -->
    <test started-at="2020-10-27T12:08:00 EDT" name="validating user login" finished-at="2020-10-27T12:08:15 EDT" duration-ms="15243">
      <class name="Academy.E2Eframeworkproject.HomePage">
        <test-method signature="basePageNavigation(java.lang.String, java.lang.String)[pri:0, instance:Academy.E2Eframeworkproject.HomePage@7e242b4d]" started-at="2020-10-27T12:08:00 EDT" name="basePageNavigation" data-provider="getData" finished-at="2020-10-27T12:08:14 EDT" duration-ms="14717" status="PASS">
          <params>
            <param index="0">
              <value>
                <![CDATA[grace@qaclick.com]]>
              </value>
            </param>
            <param index="1">
              <value>
                <![CDATA[kiru]]>
              </value>
            </param>
          </params>
          <reporter-output>
          </reporter-output>
        </test-method> <!-- basePageNavigation -->
        <test-method is-config="true" signature="teardown()[pri:0, instance:Academy.E2Eframeworkproject.HomePage@7e242b4d]" started-at="2020-10-27T12:08:15 EDT" name="teardown" finished-at="2020-10-27T12:08:15 EDT" duration-ms="54" status="PASS">
          <reporter-output>
          </reporter-output>
        </test-method> <!-- teardown -->
      </class> <!-- Academy.E2Eframeworkproject.HomePage -->
    </test> <!-- validating user login -->
  </suite> <!-- Suite -->
</testng-results>
